<?xml version="1.0" encoding="UTF-8" ?>
<testsuite tests="9" failures="0" name="dao.UserCollTest" time="0" errors="0" skipped="0">
  <properties>
[...]
</properties>
  <testcase classname="dao.UserCollTest" name="updateUser" time="0"/>
  <testcase classname="dao.UserCollTest" name="findUserById" time="0"/>
  <testcase classname="dao.UserCollTest" name="findByUsername" time="0"/>
  <testcase classname="dao.UserCollTest" name="createUser" time="0"/>
  <testcase classname="dao.UserCollTest" name="findUserFollowers" time="0"/>
  <testcase classname="dao.UserCollTest" name="findUserFollowing" time="0"/>
  <testcase classname="dao.UserCollTest" name="deleteUser" time="0"/>
  <testcase classname="dao.UserCollTest" name="findAllUsers" time="0"/>
  <testcase classname="dao.UserCollTest" name="deleteUserById" time="0"/>
</testsuite>